# JRE version: Java(TM) SE Runtime Environment (8.0_60-b27) (build 1.8.0_60-b27)
# Java VM: Java HotSpot(TM) Client VM (25.60-b23 mixed mode windows-x86 )
Heap:
 def new generation   total 30848K, used 19778K [0x04800000, 0x06970000, 0x19d50000)
  eden space 27456K,  59% used [0x04800000, 0x05800800, 0x062d0000)
  from space 3392K, 100% used [0x06620000, 0x06970000, 0x06970000)
  to   space 3392K,   0% used [0x062d0000, 0x062d0000, 0x06620000)
 tenured generation   total 68328K, used 51205K [0x19d50000, 0x1e00a000, 0x44800000)
   the space 68328K,  74% used [0x19d50000, 0x1cf51698, 0x1cf51800, 0x1e00a000)
 Metaspace       used 30377K, capacity 31427K, committed 31488K, reserved 32128K
GC Heap History (10 events):
Event: 41.430 GC heap before
{Heap before GC invocations=140 (full 6):
 def new generation   total 30848K, used 30847K [0x04800000, 0x06970000, 0x19d50000)
  eden space 27456K, 100% used [0x04800000, 0x062d0000, 0x062d0000)
  from space 3392K,  99% used [0x062d0000, 0x0661fff8, 0x06620000)
  to   space 3392K,   0% used [0x06620000, 0x06620000, 0x06970000)
 tenured generation   total 68328K, used 43278K [0x19d50000, 0x1e00a000, 0x44800000)
   the space 68328K,  63% used [0x19d50000, 0x1c793890, 0x1c793a00, 0x1e00a000)
 Metaspace       used 27162K, capacity 28039K, committed 28160K, reserved 29056K
Event: 41.447 GC heap after
Heap after GC invocations=141 (full 6):
 def new generation   total 30848K, used 1048K [0x04800000, 0x06970000, 0x19d50000)
  eden space 27456K,   0% used [0x04800000, 0x04800000, 0x062d0000)
  from space 3392K,  30% used [0x06620000, 0x067263d0, 0x06970000)
  to   space 3392K,   0% used [0x062d0000, 0x062d0000, 0x06620000)
 tenured generation   total 68328K, used 46297K [0x19d50000, 0x1e00a000, 0x44800000)
   the space 68328K,  67% used [0x19d50000, 0x1ca86508, 0x1ca86600, 0x1e00a000)
 Metaspace       used 27162K, capacity 28039K, committed 28160K, reserved 29056K
}
Event: 42.698 GC heap before
{Heap before GC invocations=141 (full 6):
 def new generation   total 30848K, used 28504K [0x04800000, 0x06970000, 0x19d50000)
  eden space 27456K, 100% used [0x04800000, 0x062d0000, 0x062d0000)
  from space 3392K,  30% used [0x06620000, 0x067263d0, 0x06970000)
  to   space 3392K,   0% used [0x062d0000, 0x062d0000, 0x06620000)
 tenured generation   total 68328K, used 46297K [0x19d50000, 0x1e00a000, 0x44800000)
   the space 68328K,  67% used [0x19d50000, 0x1ca86508, 0x1ca86600, 0x1e00a000)
 Metaspace       used 27451K, capacity 28385K, committed 28416K, reserved 29056K
Event: 42.709 GC heap after
Heap after GC invocations=142 (full 6):
 def new generation   total 30848K, used 2904K [0x04800000, 0x06970000, 0x19d50000)
  eden space 27456K,   0% used [0x04800000, 0x04800000, 0x062d0000)
  from space 3392K,  85% used [0x062d0000, 0x065a6138, 0x06620000)
  to   space 3392K,   0% used [0x06620000, 0x06620000, 0x06970000)
 tenured generation   total 68328K, used 46297K [0x19d50000, 0x1e00a000, 0x44800000)
   the space 68328K,  67% used [0x19d50000, 0x1ca86508, 0x1ca86600, 0x1e00a000)
 Metaspace       used 27451K, capacity 28385K, committed 28416K, reserved 29056K
}
Event: 51.289 GC heap before
{Heap before GC invocations=142 (full 6):
 def new generation   total 30848K, used 30360K [0x04800000, 0x06970000, 0x19d50000)
  eden space 27456K, 100% used [0x04800000, 0x062d0000, 0x062d0000)
  from space 3392K,  85% used [0x062d0000, 0x065a6138, 0x06620000)
  to   space 3392K,   0% used [0x06620000, 0x06620000, 0x06970000)
 tenured generation   total 68328K, used 46297K [0x19d50000, 0x1e00a000, 0x44800000)
   the space 68328K,  67% used [0x19d50000, 0x1ca86508, 0x1ca86600, 0x1e00a000)
 Metaspace       used 27805K, capacity 28800K, committed 28928K, reserved 29056K
Event: 51.298 GC heap after
Heap after GC invocations=143 (full 6):
 def new generation   total 30848K, used 1536K [0x04800000, 0x06970000, 0x19d50000)
  eden space 27456K,   0% used [0x04800000, 0x04800000, 0x062d0000)
  from space 3392K,  45% used [0x06620000, 0x067a0260, 0x06970000)
  to   space 3392K,   0% used [0x062d0000, 0x062d0000, 0x06620000)
 tenured generation   total 68328K, used 48246K [0x19d50000, 0x1e00a000, 0x44800000)
   the space 68328K,  70% used [0x19d50000, 0x1cc6db28, 0x1cc6dc00, 0x1e00a000)
 Metaspace       used 27805K, capacity 28800K, committed 28928K, reserved 29056K
}
Event: 52.702 GC heap before
{Heap before GC invocations=143 (full 6):
 def new generation   total 30848K, used 28992K [0x04800000, 0x06970000, 0x19d50000)
  eden space 27456K, 100% used [0x04800000, 0x062d0000, 0x062d0000)
  from space 3392K,  45% used [0x06620000, 0x067a0260, 0x06970000)
  to   space 3392K,   0% used [0x062d0000, 0x062d0000, 0x06620000)
 tenured generation   total 68328K, used 48246K [0x19d50000, 0x1e00a000, 0x44800000)
   the space 68328K,  70% used [0x19d50000, 0x1cc6db28, 0x1cc6dc00, 0x1e00a000)
 Metaspace       used 27874K, capacity 28860K, committed 28928K, reserved 29056K
Event: 52.708 GC heap after
Heap after GC invocations=144 (full 6):
 def new generation   total 30848K, used 1073K [0x04800000, 0x06970000, 0x19d50000)
  eden space 27456K,   0% used [0x04800000, 0x04800000, 0x062d0000)
  from space 3392K,  31% used [0x062d0000, 0x063dc540, 0x06620000)
  to   space 3392K,   0% used [0x06620000, 0x06620000, 0x06970000)
 tenured generation   total 68328K, used 48246K [0x19d50000, 0x1e00a000, 0x44800000)
   the space 68328K,  70% used [0x19d50000, 0x1cc6db28, 0x1cc6dc00, 0x1e00a000)
 Metaspace       used 27874K, capacity 28860K, committed 28928K, reserved 29056K
}
Event: 55.552 GC heap before
{Heap before GC invocations=144 (full 6):
 def new generation   total 30848K, used 28529K [0x04800000, 0x06970000, 0x19d50000)
  eden space 27456K, 100% used [0x04800000, 0x062d0000, 0x062d0000)
  from space 3392K,  31% used [0x062d0000, 0x063dc540, 0x06620000)
  to   space 3392K,   0% used [0x06620000, 0x06620000, 0x06970000)
 tenured generation   total 68328K, used 48246K [0x19d50000, 0x1e00a000, 0x44800000)
   the space 68328K,  70% used [0x19d50000, 0x1cc6db28, 0x1cc6dc00, 0x1e00a000)
 Metaspace       used 30277K, capacity 31236K, committed 31360K, reserved 32128K
Event: 55.567 GC heap after
Heap after GC invocations=145 (full 6):
 def new generation   total 30848K, used 3392K [0x04800000, 0x06970000, 0x19d50000)
  eden space 27456K,   0% used [0x04800000, 0x04800000, 0x062d0000)
  from space 3392K, 100% used [0x06620000, 0x06970000, 0x06970000)
  to   space 3392K,   0% used [0x062d0000, 0x062d0000, 0x06620000)
 tenured generation   total 68328K, used 51205K [0x19d50000, 0x1e00a000, 0x44800000)
   the space 68328K,  74% used [0x19d50000, 0x1cf51698, 0x1cf51800, 0x1e00a000)
 Metaspace       used 30277K, capacity 31236K, committed 31360K, reserved 32128K
}

